2021-12-02T23:31:28.481191+09:00 0 [Warning] [MY-010918] [Server] 'default_authentication_plugin' is deprecated and will be removed in a future release. Please use authentication_policy instead.
2021-12-02T23:31:28.481936+09:00 0 [System] [MY-013169] [Server] /usr/sbin/mysqld (mysqld 8.0.27) initializing of server in progress as process 42
2021-12-02T23:31:28.516177+09:00 1 [System] [MY-013576] [InnoDB] InnoDB initialization has started.
2021-12-02T23:31:29.425529+09:00 1 [System] [MY-013577] [InnoDB] InnoDB initialization has ended.
2021-12-02T23:31:32.198910+09:00 0 [Warning] [MY-013746] [Server] A deprecated TLS version TLSv1 is enabled for channel mysql_main
2021-12-02T23:31:32.199996+09:00 0 [Warning] [MY-013746] [Server] A deprecated TLS version TLSv1.1 is enabled for channel mysql_main
2021-12-02T23:31:32.326524+09:00 6 [Warning] [MY-010453] [Server] root@localhost is created with an empty password ! Please consider switching off the --initialize-insecure option.
2021-12-02T23:31:55.420371+09:00 0 [Warning] [MY-010918] [Server] 'default_authentication_plugin' is deprecated and will be removed in a future release. Please use authentication_policy instead.
2021-12-02T23:31:55.420400+09:00 0 [System] [MY-010116] [Server] /usr/sbin/mysqld (mysqld 8.0.27) starting as process 89
2021-12-02T23:31:55.447283+09:00 1 [System] [MY-013576] [InnoDB] InnoDB initialization has started.
2021-12-02T23:31:55.669942+09:00 1 [System] [MY-013577] [InnoDB] InnoDB initialization has ended.
2021-12-02T23:31:55.978178+09:00 0 [Warning] [MY-013746] [Server] A deprecated TLS version TLSv1 is enabled for channel mysql_main
2021-12-02T23:31:55.979047+09:00 0 [Warning] [MY-013746] [Server] A deprecated TLS version TLSv1.1 is enabled for channel mysql_main
2021-12-02T23:31:55.981378+09:00 0 [Warning] [MY-010068] [Server] CA certificate ca.pem is self signed.
2021-12-02T23:31:55.982413+09:00 0 [System] [MY-013602] [Server] Channel mysql_main configured to support TLS. Encrypted connections are now supported for this channel.
2021-12-02T23:31:55.985490+09:00 0 [Warning] [MY-011810] [Server] Insecure configuration for --pid-file: Location '/var/run/mysqld' in the path is accessible to all OS users. Consider choosing a different directory.
2021-12-02T23:31:56.018048+09:00 0 [System] [MY-011323] [Server] X Plugin ready for connections. Socket: /var/run/mysqld/mysqlx.sock
2021-12-02T23:31:56.018131+09:00 0 [System] [MY-010931] [Server] /usr/sbin/mysqld: ready for connections. Version: '8.0.27'  socket: '/var/run/mysqld/mysqld.sock'  port: 0  MySQL Community Server - GPL.
2021-12-02T23:32:18.762168+09:00 13 [System] [MY-013172] [Server] Received SHUTDOWN from user root. Shutting down mysqld (Version: 8.0.27).
2021-12-02T23:32:19.510604+09:00 0 [System] [MY-010910] [Server] /usr/sbin/mysqld: Shutdown complete (mysqld 8.0.27)  MySQL Community Server - GPL.
2021-12-02T23:32:20.072903+09:00 0 [Warning] [MY-010918] [Server] 'default_authentication_plugin' is deprecated and will be removed in a future release. Please use authentication_policy instead.
2021-12-02T23:32:20.072930+09:00 0 [System] [MY-010116] [Server] /usr/sbin/mysqld (mysqld 8.0.27) starting as process 1
2021-12-02T23:32:20.096061+09:00 1 [System] [MY-013576] [InnoDB] InnoDB initialization has started.
2021-12-02T23:32:20.436167+09:00 1 [System] [MY-013577] [InnoDB] InnoDB initialization has ended.
2021-12-02T23:32:20.682964+09:00 0 [Warning] [MY-013746] [Server] A deprecated TLS version TLSv1 is enabled for channel mysql_main
2021-12-02T23:32:20.683938+09:00 0 [Warning] [MY-013746] [Server] A deprecated TLS version TLSv1.1 is enabled for channel mysql_main
2021-12-02T23:32:20.686789+09:00 0 [Warning] [MY-010068] [Server] CA certificate ca.pem is self signed.
2021-12-02T23:32:20.687643+09:00 0 [System] [MY-013602] [Server] Channel mysql_main configured to support TLS. Encrypted connections are now supported for this channel.
2021-12-02T23:32:20.691531+09:00 0 [Warning] [MY-011810] [Server] Insecure configuration for --pid-file: Location '/var/run/mysqld' in the path is accessible to all OS users. Consider choosing a different directory.
2021-12-02T23:32:20.727397+09:00 0 [System] [MY-011323] [Server] X Plugin ready for connections. Bind-address: '::' port: 33060, socket: /var/run/mysqld/mysqlx.sock
2021-12-02T23:32:20.727722+09:00 0 [System] [MY-010931] [Server] /usr/sbin/mysqld: ready for connections. Version: '8.0.27'  socket: '/var/run/mysqld/mysqld.sock'  port: 3306  MySQL Community Server - GPL.
2021-12-02T23:34:22.937354+09:00 0 [System] [MY-013172] [Server] Received SHUTDOWN from user <via user signal>. Shutting down mysqld (Version: 8.0.27).
2021-12-02T23:34:24.383479+09:00 0 [System] [MY-010910] [Server] /usr/sbin/mysqld: Shutdown complete (mysqld 8.0.27)  MySQL Community Server - GPL.
2021-12-02T23:34:32.055279+09:00 0 [Warning] [MY-010918] [Server] 'default_authentication_plugin' is deprecated and will be removed in a future release. Please use authentication_policy instead.
2021-12-02T23:34:32.055308+09:00 0 [System] [MY-010116] [Server] /usr/sbin/mysqld (mysqld 8.0.27) starting as process 1
2021-12-02T23:34:32.080301+09:00 1 [System] [MY-013576] [InnoDB] InnoDB initialization has started.
2021-12-02T23:34:32.455958+09:00 1 [System] [MY-013577] [InnoDB] InnoDB initialization has ended.
2021-12-02T23:34:32.662670+09:00 0 [Warning] [MY-013746] [Server] A deprecated TLS version TLSv1 is enabled for channel mysql_main
2021-12-02T23:34:32.663878+09:00 0 [Warning] [MY-013746] [Server] A deprecated TLS version TLSv1.1 is enabled for channel mysql_main
2021-12-02T23:34:32.666618+09:00 0 [Warning] [MY-010068] [Server] CA certificate ca.pem is self signed.
2021-12-02T23:34:32.667774+09:00 0 [System] [MY-013602] [Server] Channel mysql_main configured to support TLS. Encrypted connections are now supported for this channel.
2021-12-02T23:34:32.671038+09:00 0 [Warning] [MY-011810] [Server] Insecure configuration for --pid-file: Location '/var/run/mysqld' in the path is accessible to all OS users. Consider choosing a different directory.
2021-12-02T23:34:32.705412+09:00 0 [System] [MY-011323] [Server] X Plugin ready for connections. Bind-address: '::' port: 33060, socket: /var/run/mysqld/mysqlx.sock
2021-12-02T23:34:32.705737+09:00 0 [System] [MY-010931] [Server] /usr/sbin/mysqld: ready for connections. Version: '8.0.27'  socket: '/var/run/mysqld/mysqld.sock'  port: 3306  MySQL Community Server - GPL.
2021-12-02T23:37:32.169622+09:00 0 [System] [MY-013172] [Server] Received SHUTDOWN from user <via user signal>. Shutting down mysqld (Version: 8.0.27).
2021-12-02T23:37:33.566608+09:00 0 [System] [MY-010910] [Server] /usr/sbin/mysqld: Shutdown complete (mysqld 8.0.27)  MySQL Community Server - GPL.
2021-12-02T23:37:51.253286+09:00 0 [Warning] [MY-010918] [Server] 'default_authentication_plugin' is deprecated and will be removed in a future release. Please use authentication_policy instead.
2021-12-02T23:37:51.253350+09:00 0 [System] [MY-010116] [Server] /usr/sbin/mysqld (mysqld 8.0.27) starting as process 1
2021-12-02T23:37:51.300590+09:00 1 [System] [MY-013576] [InnoDB] InnoDB initialization has started.
2021-12-02T23:37:51.735618+09:00 1 [System] [MY-013577] [InnoDB] InnoDB initialization has ended.
2021-12-02T23:37:52.128587+09:00 0 [Warning] [MY-013746] [Server] A deprecated TLS version TLSv1 is enabled for channel mysql_main
2021-12-02T23:37:52.129726+09:00 0 [Warning] [MY-013746] [Server] A deprecated TLS version TLSv1.1 is enabled for channel mysql_main
2021-12-02T23:37:52.132051+09:00 0 [Warning] [MY-010068] [Server] CA certificate ca.pem is self signed.
2021-12-02T23:37:52.133350+09:00 0 [System] [MY-013602] [Server] Channel mysql_main configured to support TLS. Encrypted connections are now supported for this channel.
2021-12-02T23:37:52.136361+09:00 0 [Warning] [MY-011810] [Server] Insecure configuration for --pid-file: Location '/var/run/mysqld' in the path is accessible to all OS users. Consider choosing a different directory.
2021-12-02T23:37:52.319864+09:00 0 [System] [MY-010931] [Server] /usr/sbin/mysqld: ready for connections. Version: '8.0.27'  socket: '/var/run/mysqld/mysqld.sock'  port: 3306  MySQL Community Server - GPL.
2021-12-02T23:37:52.325029+09:00 0 [System] [MY-011323] [Server] X Plugin ready for connections. Bind-address: '::' port: 33060, socket: /var/run/mysqld/mysqlx.sock
2021-12-02T23:39:18.208853+09:00 0 [System] [MY-013172] [Server] Received SHUTDOWN from user <via user signal>. Shutting down mysqld (Version: 8.0.27).
2021-12-02T23:39:19.687616+09:00 0 [System] [MY-010910] [Server] /usr/sbin/mysqld: Shutdown complete (mysqld 8.0.27)  MySQL Community Server - GPL.
2021-12-02T23:39:35.009708+09:00 0 [Warning] [MY-010918] [Server] 'default_authentication_plugin' is deprecated and will be removed in a future release. Please use authentication_policy instead.
2021-12-02T23:39:35.009777+09:00 0 [System] [MY-010116] [Server] /usr/sbin/mysqld (mysqld 8.0.27) starting as process 1
2021-12-02T23:39:35.045165+09:00 1 [System] [MY-013576] [InnoDB] InnoDB initialization has started.
2021-12-02T23:39:35.493924+09:00 1 [System] [MY-013577] [InnoDB] InnoDB initialization has ended.
2021-12-02T23:39:35.807775+09:00 0 [Warning] [MY-013746] [Server] A deprecated TLS version TLSv1 is enabled for channel mysql_main
2021-12-02T23:39:35.809229+09:00 0 [Warning] [MY-013746] [Server] A deprecated TLS version TLSv1.1 is enabled for channel mysql_main
2021-12-02T23:39:35.811303+09:00 0 [Warning] [MY-010068] [Server] CA certificate ca.pem is self signed.
2021-12-02T23:39:35.812312+09:00 0 [System] [MY-013602] [Server] Channel mysql_main configured to support TLS. Encrypted connections are now supported for this channel.
2021-12-02T23:39:35.816458+09:00 0 [Warning] [MY-011810] [Server] Insecure configuration for --pid-file: Location '/var/run/mysqld' in the path is accessible to all OS users. Consider choosing a different directory.
2021-12-02T23:39:35.910757+09:00 0 [System] [MY-011323] [Server] X Plugin ready for connections. Bind-address: '::' port: 33060, socket: /var/run/mysqld/mysqlx.sock
2021-12-02T23:39:35.913443+09:00 0 [System] [MY-010931] [Server] /usr/sbin/mysqld: ready for connections. Version: '8.0.27'  socket: '/var/run/mysqld/mysqld.sock'  port: 3306  MySQL Community Server - GPL.
